<?xml version="1.0" encoding="UTF-8"?>
<!-- Generated by org.testng.reporters.JUnitReportReporter -->
<testsuite hostname="DESKTOP-FMTRJKM" failures="0" tests="1" name="com.comcast.crm.contacttest.SampleTest" time="3.857" errors="0" timestamp="30 May 2024 04:53:14 GMT" skipped="0">
  <testcase classname="com.comcast.crm.contacttest.SampleTest" name="createConTactTest" time="3.857"/>
</testsuite> <!-- com.comcast.crm.contacttest.SampleTest -->
