<?xml version="1.0" encoding="UTF-8"?>
<!-- Generated by org.testng.reporters.JUnitReportReporter -->
<testsuite hostname="DESKTOP-FMTRJKM" failures="0" tests="1" name="com.fensbury.SCM.systemTest.AddCategory" time="12.288" errors="0" timestamp="31 May 2024 08:40:58 GMT" skipped="0">
  <testcase classname="com.fensbury.SCM.systemTest.AddCategory" name="AddCategoryTest" time="12.288"/>
</testsuite> <!-- com.fensbury.SCM.systemTest.AddCategory -->
