<?xml version="1.0" encoding="UTF-8"?>
<!-- Generated by org.testng.reporters.JUnitReportReporter -->
<testsuite hostname="DESKTOP-FMTRJKM" failures="0" tests="1" name="com.fensbury.SCM.systemTest.Addproductverify" time="49.310" errors="0" timestamp="31 May 2024 06:12:23 GMT" skipped="0">
  <testcase classname="com.fensbury.SCM.systemTest.Addproductverify" name="addmanufact" time="49.310"/>
</testsuite> <!-- com.fensbury.SCM.systemTest.Addproductverify -->
