<?xml version="1.0" encoding="UTF-8"?>
<!-- Generated by org.testng.reporters.JUnitReportReporter -->
<testsuite hostname="DESKTOP-FMTRJKM" failures="0" tests="5" name="com.fensbury.SCM.systemTest.FullRegressionTest" time="78.373" errors="0" timestamp="31 May 2024 10:00:05 GMT" skipped="0">
  <testcase classname="com.fensbury.SCM.systemTest.FullRegressionTest" name="addRetailertest" time="10.964"/>
  <testcase classname="com.fensbury.SCM.systemTest.FullRegressionTest" name="addAndDeleteUnitTest" time="4.587"/>
  <testcase classname="com.fensbury.SCM.systemTest.FullRegressionTest" name="AddcategoryTest" time="14.799"/>
  <testcase classname="com.fensbury.SCM.systemTest.FullRegressionTest" name="AddmanufacturerTest" time="14.135"/>
  <testcase classname="com.fensbury.SCM.systemTest.FullRegressionTest" name="addproducttTest" time="33.888"/>
</testsuite> <!-- com.fensbury.SCM.systemTest.FullRegressionTest -->
