<?xml version="1.0" encoding="UTF-8"?>
<!-- Generated by org.testng.reporters.JUnitReportReporter -->
<testsuite hostname="DESKTOP-FMTRJKM" failures="0" tests="1" name="com.fensbury.SCM.systemTest.AddCategoryTest" time="42.787" errors="0" timestamp="31 May 2024 09:58:28 GMT" skipped="0">
  <testcase classname="com.fensbury.SCM.systemTest.AddCategoryTest" name="AddcategoryTest" time="42.787"/>
</testsuite> <!-- com.fensbury.SCM.systemTest.AddCategoryTest -->
