<?xml version="1.0" encoding="UTF-8"?>
<!-- Generated by org.testng.reporters.JUnitReportReporter -->
<testsuite hostname="DESKTOP-FMTRJKM" failures="0" tests="1" name="com.fensbury.SCM.systemTest.Endtoend_secenarioTest" time="19.330" errors="0" timestamp="31 May 2024 08:45:05 GMT" skipped="0">
  <testcase classname="com.fensbury.SCM.systemTest.Endtoend_secenarioTest" name="AddmanufacturerTest" time="19.330"/>
</testsuite> <!-- com.fensbury.SCM.systemTest.Endtoend_secenarioTest -->
