<?xml version="1.0" encoding="UTF-8"?>
<!-- Generated by org.testng.reporters.JUnitReportReporter -->
<testsuite hostname="DESKTOP-FMTRJKM" failures="0" tests="1" name="com.fensbury.SCM.systemTest.addretailer_placeoredrTest" time="10.682" errors="0" timestamp="31 May 2024 08:42:38 GMT" skipped="0">
  <testcase classname="com.fensbury.SCM.systemTest.addretailer_placeoredrTest" name="addRetailertest" time="10.682"/>
</testsuite> <!-- com.fensbury.SCM.systemTest.addretailer_placeoredrTest -->
